<?xml version="1.0" encoding="UTF-8"?><testsuite errors="1" failures="0" name="I as user of the Utest.com" skipped="0" tests="1" time="31.57" timestamp="2021-10-17 10:54:32"><testcase name="Successfully user creation"><error message="Could not instantiate class org.openqa.selenium.chrome.ChromeDriver" type="net.thucydides.core.webdriver.DriverConfigurationError">Could not instantiate class org.openqa.selenium.chrome.ChromeDriver</error><system-err>Could not instantiate class org.openqa.selenium.chrome.ChromeDriver&#13;
co.com.choucair.utestReto.stepdefinitions.RegisterUserStep.userInTheHomePage(RegisterUserStep.java:27)&#13;
cucumber.runner.Runner.runPickle(Runner.java:80)&#13;
</system-err></testcase></testsuite>